<?xml version="1.0" encoding="UTF-8"?>
<!-- Generated by org.testng.reporters.JUnitReportReporter -->
<testsuite hostname="Gouravs-MacBook-Air.local" name="WebTestFrame.validateHomePage" tests="16" failures="0" timestamp="18 Nov 2018 18:59:28 GMT" time="68.772" errors="0">
  <testcase name="homePNavigationDisplayed" time="0.300" classname="WebTestFrame.validateHomePage"/>
  <testcase name="validNaviBarVideos" time="1.782" classname="WebTestFrame.validateHomePage"/>
  <testcase name="allLinksHomePage" time="43.269" classname="WebTestFrame.validateHomePage"/>
  <testcase name="validFCSeleniumPrice" time="0.022" classname="WebTestFrame.validateHomePage"/>
  <testcase name="validNaviBarHome" time="1.956" classname="WebTestFrame.validateHomePage"/>
  <testcase name="validFCSelenimRate" time="0.027" classname="WebTestFrame.validateHomePage"/>
  <testcase name="validNaviBarPractice" time="2.338" classname="WebTestFrame.validateHomePage"/>
  <testcase name="validFCSelenimLinks" time="0.282" classname="WebTestFrame.validateHomePage"/>
  <testcase name="validNaviBarContact" time="1.362" classname="WebTestFrame.validateHomePage"/>
  <testcase name="validFeaturedCourses" time="0.567" classname="WebTestFrame.validateHomePage"/>
  <testcase name="validNaviBarBlog" time="4.031" classname="WebTestFrame.validateHomePage"/>
  <testcase name="validNaviBarCourses" time="6.430" classname="WebTestFrame.validateHomePage"/>
  <testcase name="validNaviBarIntGuides" time="2.673" classname="WebTestFrame.validateHomePage"/>
  <testcase name="validFCSeleniumDiscPrice" time="0.041" classname="WebTestFrame.validateHomePage"/>
  <testcase name="validFCSeleStudEnrol" time="0.039" classname="WebTestFrame.validateHomePage"/>
  <testcase name="validNaviBarAbout" time="3.653" classname="WebTestFrame.validateHomePage"/>
</testsuite> <!-- WebTestFrame.validateHomePage -->
