<?xml version="1.0" encoding="UTF-8"?>
<!-- Generated by org.testng.reporters.JUnitReportReporter -->
<testsuite hostname="Gouravs-MacBook-Air.local" name="WebTestFrame.validateContact" tests="6" failures="0" timestamp="18 Nov 2018 18:59:28 GMT" time="7.981" errors="0">
  <testcase name="validContactAddr" time="0.037" classname="WebTestFrame.validateContact"/>
  <testcase name="validContactEmails" time="0.204" classname="WebTestFrame.validateContact"/>
  <testcase name="validContactTitle" time="7.328" classname="WebTestFrame.validateContact"/>
  <testcase name="validContactDetlsLable" time="0.085" classname="WebTestFrame.validateContact"/>
  <testcase name="validContactPhone" time="0.061" classname="WebTestFrame.validateContact"/>
  <testcase name="databaseConnLogin" time="0.266" classname="WebTestFrame.validateContact"/>
</testsuite> <!-- WebTestFrame.validateContact -->
