<?xml version="1.0" encoding="UTF-8"?>
<!-- Generated by org.testng.reporters.JUnitReportReporter -->
<testsuite hostname="Gouravs-MacBook-Air.local" name="WebTestFrame.validateCreateAccount" tests="10" failures="0" timestamp="12 Nov 2018 01:32:09 GMT" time="27.458" errors="0">
  <testcase name="validErrorColor" time="1.611" classname="WebTestFrame.validateCreateAccount"/>
  <testcase name="validFullName" time="1.920" classname="WebTestFrame.validateCreateAccount"/>
  <testcase name="validPolicyCheckBox" time="2.037" classname="WebTestFrame.validateCreateAccount"/>
  <testcase name="validPwdNull" time="1.654" classname="WebTestFrame.validateCreateAccount"/>
  <testcase name="validEmailAdd" time="1.743" classname="WebTestFrame.validateCreateAccount"/>
  <testcase name="validConPwdNotSame" time="2.093" classname="WebTestFrame.validateCreateAccount"/>
  <testcase name="validConPwdSame" time="2.105" classname="WebTestFrame.validateCreateAccount"/>
  <testcase name="validErrorBgColor" time="1.888" classname="WebTestFrame.validateCreateAccount"/>
  <testcase name="validEmailReqdError" time="8.888" classname="WebTestFrame.validateCreateAccount"/>
  <testcase name="validPwdLength" time="3.519" classname="WebTestFrame.validateCreateAccount"/>
</testsuite> <!-- WebTestFrame.validateCreateAccount -->
