<?xml version="1.0" encoding="UTF-8"?>
<!-- Generated by org.testng.reporters.JUnitReportReporter -->
<testsuite hostname="Gouravs-MacBook-Air.local" name="WebTestFrame.HomePage" tests="1" failures="0" timestamp="17 Jun 2018 13:48:08 GMT" time="43.772" errors="0">
  <testcase name="basePageNavigation" time="43.772" classname="WebTestFrame.HomePage"/>
</testsuite> <!-- WebTestFrame.HomePage -->
