<?xml version="1.0" encoding="UTF-8"?>
<!-- Generated by org.testng.reporters.JUnitReportReporter -->
<testsuite hostname="Gouravs-MacBook-Air.local" name="WebTestFrame.SeleniumGrid" tests="1" failures="0" timestamp="14 Nov 2018 03:40:50 GMT" time="16.428" errors="0">
  <testcase name="setDesiredCapabilities" time="16.428" classname="WebTestFrame.SeleniumGrid"/>
</testsuite> <!-- WebTestFrame.SeleniumGrid -->
