<?xml version="1.0" encoding="UTF-8"?>
<!-- Generated by org.testng.reporters.JUnitReportReporter -->
<testsuite hostname="Gouravs-MacBook-Air.local" name="WebTestFrame.validateCreateAccount" tests="10" failures="0" timestamp="14 Nov 2018 14:14:23 GMT" time="30.769" errors="0">
  <testcase name="validErrorColor" time="1.648" classname="WebTestFrame.validateCreateAccount"/>
  <testcase name="validPwdLength" time="3.629" classname="WebTestFrame.validateCreateAccount"/>
  <testcase name="validEmailReqdError" time="9.931" classname="WebTestFrame.validateCreateAccount"/>
  <testcase name="validEmailAdd" time="1.822" classname="WebTestFrame.validateCreateAccount"/>
  <testcase name="validConPwdSame" time="5.161" classname="WebTestFrame.validateCreateAccount"/>
  <testcase name="validFullName" time="1.457" classname="WebTestFrame.validateCreateAccount"/>
  <testcase name="validConPwdNotSame" time="2.109" classname="WebTestFrame.validateCreateAccount"/>
  <testcase name="validPwdNull" time="1.382" classname="WebTestFrame.validateCreateAccount"/>
  <testcase name="validPolicyCheckBox" time="1.953" classname="WebTestFrame.validateCreateAccount"/>
  <testcase name="validErrorBgColor" time="1.677" classname="WebTestFrame.validateCreateAccount"/>
</testsuite> <!-- WebTestFrame.validateCreateAccount -->
