<?xml version="1.0" encoding="UTF-8"?>
<!-- Generated by org.testng.reporters.JUnitReportReporter -->
<testsuite hostname="Gouravs-MacBook-Air.local" name="WebTestFrame.validateCoursePageLinks" tests="1" failures="0" timestamp="17 Nov 2018 20:03:23 GMT" time="90.095" errors="0">
  <testcase name="validateLinkResponses" time="90.095" classname="WebTestFrame.validateCoursePageLinks"/>
</testsuite> <!-- WebTestFrame.validateCoursePageLinks -->
