<?xml version="1.0" encoding="UTF-8"?>
<!-- Generated by org.testng.reporters.JUnitReportReporter -->
<testsuite hostname="Gouravs-MacBook-Air.local" name="WebTestFrame.validateCoursePageLinks" tests="1" failures="0" timestamp="4 Nov 2018 15:17:30 GMT" time="59.005" errors="0">
  <testcase name="validateLinkResponses" time="59.005" classname="WebTestFrame.validateCoursePageLinks"/>
</testsuite> <!-- WebTestFrame.validateCoursePageLinks -->
