<?xml version="1.0" encoding="UTF-8"?>
<!-- Generated by org.testng.reporters.JUnitReportReporter -->
<testsuite hostname="Gouravs-MacBook-Air.local" name="WebTestFrame.validateNavigationBar" tests="1" failures="0" timestamp="6 Jul 2018 15:02:20 GMT" time="5.231" errors="0">
  <testcase name="basePageNavigation" time="5.231" classname="WebTestFrame.validateNavigationBar"/>
</testsuite> <!-- WebTestFrame.validateNavigationBar -->
