<?xml version="1.0" encoding="UTF-8"?>
<!-- Generated by org.testng.reporters.JUnitReportReporter -->
<testsuite hostname="Gouravs-MacBook-Air.local" name="WebTestFrame.validateCoursePageLinks" tests="1" failures="0" timestamp="12 Nov 2018 01:33:52 GMT" time="56.921" errors="0">
  <testcase name="validateLinkResponses" time="56.921" classname="WebTestFrame.validateCoursePageLinks"/>
</testsuite> <!-- WebTestFrame.validateCoursePageLinks -->
